Сборка начата 28.06.2024 0:23:06.
Уровень детализации журнала: Normal.     1>Проект "D:\KPO_2_sem\lab14\SE__Lab14\SE__Lab14.vcxproj" в узле 2 (целевые объекты Build).
     1>PrepareForBuild:
         Создание каталога "x64\Debug\SE__Lab14.tlog\".
       InitializeBuildStatus:
         Создание "x64\Debug\SE__Lab14.tlog\unsuccessfulbuild", так как было задано "AlwaysCreate".
         Обращение к "x64\Debug\SE__Lab14.tlog\unsuccessfulbuild".
       ClCompile:
         C:\Program Files\Microsoft Visual Studio\2022\Community\VC\Tools\MSVC\14.37.32822\bin\HostX64\x64\CL.exe /c /ZI /JMC /nologo /W3 /WX- /diagnostics:column /sdl /Od /D _DEBUG /D _CONSOLE /D _UNICODE /D UNICODE /Gm- /EHsc /RTC1 /MDd /GS /fp:precise /Zc:wchar_t /Zc:forScope /Zc:inline /permissive- /Fo"x64\Debug\\" /Fd"x64\Debug\vc143.pdb" /external:W3 /Gd /TP /FC /errorReport:prompt Error.cpp In.cpp Log.cpp Parm.cpp SE__Lab14.cpp
         Error.cpp
     1>D:\KPO_2_sem\lab14\SE__Lab14\Error.cpp(6,3): warning C4566: символ, представленный универсальным именем символа "\u00CD", невозможно представить в текущей кодовой странице (1251)
     1>D:\KPO_2_sem\lab14\SE__Lab14\Error.cpp(6,3): warning C4566: символ, представленный универсальным именем символа "\u00E5", невозможно представить в текущей кодовой странице (1251)
     1>D:\KPO_2_sem\lab14\SE__Lab14\Error.cpp(6,3): warning C4566: символ, представленный универсальным именем символа "\u00E4", невозможно представить в текущей кодовой странице (1251)
     1>D:\KPO_2_sem\lab14\SE__Lab14\Error.cpp(6,3): warning C4566: символ, представленный универсальным именем символа "\u00EE", невозможно представить в текущей кодовой странице (1251)
     1>D:\KPO_2_sem\lab14\SE__Lab14\Error.cpp(6,3): warning C4566: символ, представленный универсальным именем символа "\u00EF", невозможно представить в текущей кодовой странице (1251)
     1>D:\KPO_2_sem\lab14\SE__Lab14\Error.cpp(6,3): warning C4566: символ, представленный универсальным именем символа "\u00F3", невозможно представить в текущей кодовой странице (1251)
     1>D:\KPO_2_sem\lab14\SE__Lab14\Error.cpp(6,3): warning C4566: символ, представленный универсальным именем символа "\u00F1", невозможно представить в текущей кодовой странице (1251)
     1>D:\KPO_2_sem\lab14\SE__Lab14\Error.cpp(6,3): warning C4566: символ, представленный универсальным именем символа "\u00F2", невозможно представить в текущей кодовой странице (1251)
     1>D:\KPO_2_sem\lab14\SE__Lab14\Error.cpp(6,3): warning C4566: символ, представленный универсальным именем символа "\u00E8", невозможно представить в текущей кодовой странице (1251)
     1>D:\KPO_2_sem\lab14\SE__Lab14\Error.cpp(6,3): warning C4566: символ, представленный универсальным именем символа "\u00EC", невозможно представить в текущей кодовой странице (1251)
     1>D:\KPO_2_sem\lab14\SE__Lab14\Error.cpp(6,3): warning C4566: символ, представленный универсальным именем символа "\u00FB", невозможно представить в текущей кодовой странице (1251)
     1>D:\KPO_2_sem\lab14\SE__Lab14\Error.cpp(6,3): warning C4566: символ, представленный универсальным именем символа "\u00E9", невозможно представить в текущей кодовой странице (1251)
     1>D:\KPO_2_sem\lab14\SE__Lab14\Error.cpp(6,3): warning C4566: символ, представленный универсальным именем символа "\u00EA", невозможно представить в текущей кодовой странице (1251)
     1>D:\KPO_2_sem\lab14\SE__Lab14\Error.cpp(6,3): warning C4566: символ, представленный универсальным именем символа "\u00F8", невозможно представить в текущей кодовой странице (1251)
     1>D:\KPO_2_sem\lab14\SE__Lab14\Error.cpp(6,3): warning C4566: символ, представленный универсальным именем символа "\u00E1", невозможно представить в текущей кодовой странице (1251)
     1>D:\KPO_2_sem\lab14\SE__Lab14\Error.cpp(7,3): warning C4566: символ, представленный универсальным именем символа "\u00D1", невозможно представить в текущей кодовой странице (1251)
     1>D:\KPO_2_sem\lab14\SE__Lab14\Error.cpp(7,3): warning C4566: символ, представленный универсальным именем символа "\u00E8", невозможно представить в текущей кодовой странице (1251)
     1>D:\KPO_2_sem\lab14\SE__Lab14\Error.cpp(7,3): warning C4566: символ, представленный универсальным именем символа "\u00F1", невозможно представить в текущей кодовой странице (1251)
     1>D:\KPO_2_sem\lab14\SE__Lab14\Error.cpp(7,3): warning C4566: символ, представленный универсальным именем символа "\u00F2", невозможно представить в текущей кодовой странице (1251)
     1>D:\KPO_2_sem\lab14\SE__Lab14\Error.cpp(7,3): warning C4566: символ, представленный универсальным именем символа "\u00E5", невозможно представить в текущей кодовой странице (1251)
     1>D:\KPO_2_sem\lab14\SE__Lab14\Error.cpp(7,3): warning C4566: символ, представленный универсальным именем символа "\u00EC", невозможно представить в текущей кодовой странице (1251)
     1>D:\KPO_2_sem\lab14\SE__Lab14\Error.cpp(7,3): warning C4566: символ, представленный универсальным именем символа "\u00ED", невозможно представить в текущей кодовой странице (1251)
     1>D:\KPO_2_sem\lab14\SE__Lab14\Error.cpp(7,3): warning C4566: символ, представленный универсальным именем символа "\u00FB", невозможно представить в текущей кодовой странице (1251)
     1>D:\KPO_2_sem\lab14\SE__Lab14\Error.cpp(7,3): warning C4566: символ, представленный универсальным именем символа "\u00E9", невозможно представить в текущей кодовой странице (1251)
     1>D:\KPO_2_sem\lab14\SE__Lab14\Error.cpp(7,3): warning C4566: символ, представленный универсальным именем символа "\u00E1", невозможно представить в текущей кодовой странице (1251)
     1>D:\KPO_2_sem\lab14\SE__Lab14\Error.cpp(7,3): warning C4566: символ, представленный универсальным именем символа "\u00EE", невозможно представить в текущей кодовой странице (1251)
     1>D:\KPO_2_sem\lab14\SE__Lab14\Error.cpp(12,3): warning C4566: символ, представленный универсальным именем символа "\u00CF", невозможно представить в текущей кодовой странице (1251)
     1>D:\KPO_2_sem\lab14\SE__Lab14\Error.cpp(12,3): warning C4566: символ, представленный универсальным именем символа "\u00E0", невозможно представить в текущей кодовой странице (1251)
     1>D:\KPO_2_sem\lab14\SE__Lab14\Error.cpp(12,3): warning C4566: символ, представленный универсальным именем символа "\u00F0", невозможно представить в текущей кодовой странице (1251)
     1>D:\KPO_2_sem\lab14\SE__Lab14\Error.cpp(12,3): warning C4566: символ, представленный универсальным именем символа "\u00EC", невозможно представить в текущей кодовой странице (1251)
     1>D:\KPO_2_sem\lab14\SE__Lab14\Error.cpp(12,3): warning C4566: символ, представленный универсальным именем символа "\u00E5", невозможно представить в текущей кодовой странице (1251)
     1>D:\KPO_2_sem\lab14\SE__Lab14\Error.cpp(12,3): warning C4566: символ, представленный универсальным именем символа "\u00F2", невозможно представить в текущей кодовой странице (1251)
     1>D:\KPO_2_sem\lab14\SE__Lab14\Error.cpp(12,3): warning C4566: символ, представленный универсальным именем символа "\u00E4", невозможно представить в текущей кодовой странице (1251)
     1>D:\KPO_2_sem\lab14\SE__Lab14\Error.cpp(12,3): warning C4566: символ, представленный универсальным именем символа "\u00EE", невозможно представить в текущей кодовой странице (1251)
     1>D:\KPO_2_sem\lab14\SE__Lab14\Error.cpp(12,3): warning C4566: символ, представленный универсальным именем символа "\u00EB", невозможно представить в текущей кодовой странице (1251)
     1>D:\KPO_2_sem\lab14\SE__Lab14\Error.cpp(12,3): warning C4566: символ, представленный универсальным именем символа "\u00E6", невозможно представить в текущей кодовой странице (1251)
     1>D:\KPO_2_sem\lab14\SE__Lab14\Error.cpp(12,3): warning C4566: символ, представленный универсальным именем символа "\u00ED", невозможно представить в текущей кодовой странице (1251)
     1>D:\KPO_2_sem\lab14\SE__Lab14\Error.cpp(12,3): warning C4566: символ, представленный универсальным именем символа "\u00E1", невозможно представить в текущей кодовой странице (1251)
     1>D:\KPO_2_sem\lab14\SE__Lab14\Error.cpp(12,3): warning C4566: символ, представленный универсальным именем символа "\u00FB", невозможно представить в текущей кодовой странице (1251)
     1>D:\KPO_2_sem\lab14\SE__Lab14\Error.cpp(12,3): warning C4566: символ, представленный универсальным именем символа "\u00FC", невозможно представить в текущей кодовой странице (1251)
     1>D:\KPO_2_sem\lab14\SE__Lab14\Error.cpp(12,3): warning C4566: символ, представленный универсальным именем символа "\u00E7", невозможно представить в текущей кодовой странице (1251)
     1>D:\KPO_2_sem\lab14\SE__Lab14\Error.cpp(14,3): warning C4566: символ, представленный универсальным именем символа "\u00CF", невозможно представить в текущей кодовой странице (1251)
     1>D:\KPO_2_sem\lab14\SE__Lab14\Error.cpp(14,3): warning C4566: символ, представленный универсальным именем символа "\u00F0", невозможно представить в текущей кодовой странице (1251)
     1>D:\KPO_2_sem\lab14\SE__Lab14\Error.cpp(14,3): warning C4566: символ, представленный универсальным именем символа "\u00E5", невозможно представить в текущей кодовой странице (1251)
     1>D:\KPO_2_sem\lab14\SE__Lab14\Error.cpp(14,3): warning C4566: символ, представленный универсальным именем символа "\u00E2", невозможно представить в текущей кодовой странице (1251)
     1>D:\KPO_2_sem\lab14\SE__Lab14\Error.cpp(14,3): warning C4566: символ, представленный универсальным именем символа "\u00FB", невозможно представить в текущей кодовой странице (1251)
     1>D:\KPO_2_sem\lab14\SE__Lab14\Error.cpp(14,3): warning C4566: символ, представленный универсальным именем символа "\u00F8", невозможно представить в текущей кодовой странице (1251)
     1>D:\KPO_2_sem\lab14\SE__Lab14\Error.cpp(14,3): warning C4566: символ, представленный универсальным именем символа "\u00ED", невозможно представить в текущей кодовой странице (1251)
     1>D:\KPO_2_sem\lab14\SE__Lab14\Error.cpp(14,3): warning C4566: символ, представленный универсальным именем символа "\u00E0", невозможно представить в текущей кодовой странице (1251)
     1>D:\KPO_2_sem\lab14\SE__Lab14\Error.cpp(14,3): warning C4566: символ, представленный универсальным именем символа "\u00E4", невозможно представить в текущей кодовой странице (1251)
     1>D:\KPO_2_sem\lab14\SE__Lab14\Error.cpp(14,3): warning C4566: символ, представленный универсальным именем символа "\u00EB", невозможно представить в текущей кодовой странице (1251)
     1>D:\KPO_2_sem\lab14\SE__Lab14\Error.cpp(14,3): warning C4566: символ, представленный универсальным именем символа "\u00E8", невозможно представить в текущей кодовой странице (1251)
     1>D:\KPO_2_sem\lab14\SE__Lab14\Error.cpp(14,3): warning C4566: символ, представленный универсальным именем символа "\u00F5", невозможно представить в текущей кодовой странице (1251)
     1>D:\KPO_2_sem\lab14\SE__Lab14\Error.cpp(14,3): warning C4566: символ, представленный универсальным именем символа "\u00EE", невозможно представить в текущей кодовой странице (1251)
     1>D:\KPO_2_sem\lab14\SE__Lab14\Error.cpp(14,3): warning C4566: символ, представленный универсальным именем символа "\u00E3", невозможно представить в текущей кодовой странице (1251)
     1>D:\KPO_2_sem\lab14\SE__Lab14\Error.cpp(14,3): warning C4566: символ, представленный универсальным именем символа "\u00EF", невозможно представить в текущей кодовой странице (1251)
     1>D:\KPO_2_sem\lab14\SE__Lab14\Error.cpp(14,3): warning C4566: символ, представленный универсальным именем символа "\u00EC", невозможно представить в текущей кодовой странице (1251)
     1>D:\KPO_2_sem\lab14\SE__Lab14\Error.cpp(14,3): warning C4566: символ, представленный универсальным именем символа "\u00F2", невозможно представить в текущей кодовой странице (1251)
     1>D:\KPO_2_sem\lab14\SE__Lab14\Error.cpp(17,3): warning C4566: символ, представленный универсальным именем символа "\u00CE", невозможно представить в текущей кодовой странице (1251)
     1>D:\KPO_2_sem\lab14\SE__Lab14\Error.cpp(17,3): warning C4566: символ, представленный универсальным именем символа "\u00F8", невозможно представить в текущей кодовой странице (1251)
     1>D:\KPO_2_sem\lab14\SE__Lab14\Error.cpp(17,3): warning C4566: символ, представленный универсальным именем символа "\u00E8", невозможно представить в текущей кодовой странице (1251)
     1>D:\KPO_2_sem\lab14\SE__Lab14\Error.cpp(17,3): warning C4566: символ, представленный универсальным именем символа "\u00E1", невозможно представить в текущей кодовой странице (1251)
     1>D:\KPO_2_sem\lab14\SE__Lab14\Error.cpp(17,3): warning C4566: символ, представленный универсальным именем символа "\u00EA", невозможно представить в текущей кодовой странице (1251)
     1>D:\KPO_2_sem\lab14\SE__Lab14\Error.cpp(17,3): warning C4566: символ, представленный универсальным именем символа "\u00E0", невозможно представить в текущей кодовой странице (1251)
     1>D:\KPO_2_sem\lab14\SE__Lab14\Error.cpp(17,3): warning C4566: символ, представленный универсальным именем символа "\u00EF", невозможно представить в текущей кодовой странице (1251)
     1>D:\KPO_2_sem\lab14\SE__Lab14\Error.cpp(17,3): warning C4566: символ, представленный универсальным именем символа "\u00F0", невозможно представить в текущей кодовой странице (1251)
     1>D:\KPO_2_sem\lab14\SE__Lab14\Error.cpp(17,3): warning C4566: символ, представленный универсальным именем символа "\u00EE", невозможно представить в текущей кодовой странице (1251)
     1>D:\KPO_2_sem\lab14\SE__Lab14\Error.cpp(17,3): warning C4566: символ, представленный универсальным именем символа "\u00F2", невозможно представить в текущей кодовой странице (1251)
     1>D:\KPO_2_sem\lab14\SE__Lab14\Error.cpp(17,3): warning C4566: символ, представленный универсальным именем символа "\u00FB", невозможно представить в текущей кодовой странице (1251)
     1>D:\KPO_2_sem\lab14\SE__Lab14\Error.cpp(17,3): warning C4566: символ, представленный универсальным именем символа "\u00F4", невозможно представить в текущей кодовой странице (1251)
     1>D:\KPO_2_sem\lab14\SE__Lab14\Error.cpp(17,3): warning C4566: символ, представленный универсальным именем символа "\u00E9", невозможно представить в текущей кодовой странице (1251)
     1>D:\KPO_2_sem\lab14\SE__Lab14\Error.cpp(17,3): warning C4566: символ, представленный универсальным именем символа "\u00EB", невозможно представить в текущей кодовой странице (1251)
     1>D:\KPO_2_sem\lab14\SE__Lab14\Error.cpp(17,3): warning C4566: символ, представленный универсальным именем символа "\u00F1", невозможно представить в текущей кодовой странице (1251)
     1>D:\KPO_2_sem\lab14\SE__Lab14\Error.cpp(17,3): warning C4566: символ, представленный универсальным именем символа "\u00F5", невозможно представить в текущей кодовой странице (1251)
     1>D:\KPO_2_sem\lab14\SE__Lab14\Error.cpp(17,3): warning C4566: символ, представленный универсальным именем символа "\u00E4", невозможно представить в текущей кодовой странице (1251)
     1>D:\KPO_2_sem\lab14\SE__Lab14\Error.cpp(17,3): warning C4566: символ, представленный универсальным именем символа "\u00ED", невозможно представить в текущей кодовой странице (1251)
     1>D:\KPO_2_sem\lab14\SE__Lab14\Error.cpp(17,3): warning C4566: символ, представленный универсальным именем символа "\u00EC", невозможно представить в текущей кодовой странице (1251)
     1>D:\KPO_2_sem\lab14\SE__Lab14\Error.cpp(18,3): warning C4566: символ, представленный универсальным именем символа "\u00CD", невозможно представить в текущей кодовой странице (1251)
     1>D:\KPO_2_sem\lab14\SE__Lab14\Error.cpp(18,3): warning C4566: символ, представленный универсальным именем символа "\u00E5", невозможно представить в текущей кодовой странице (1251)
     1>D:\KPO_2_sem\lab14\SE__Lab14\Error.cpp(18,3): warning C4566: символ, представленный универсальным именем символа "\u00E4", невозможно представить в текущей кодовой странице (1251)
     1>D:\KPO_2_sem\lab14\SE__Lab14\Error.cpp(18,3): warning C4566: символ, представленный универсальным именем символа "\u00EE", невозможно представить в текущей кодовой странице (1251)
     1>D:\KPO_2_sem\lab14\SE__Lab14\Error.cpp(18,3): warning C4566: символ, представленный универсальным именем символа "\u00EF", невозможно представить в текущей кодовой странице (1251)
     1>D:\KPO_2_sem\lab14\SE__Lab14\Error.cpp(18,3): warning C4566: символ, представленный универсальным именем символа "\u00F3", невозможно представить в текущей кодовой странице (1251)
     1>D:\KPO_2_sem\lab14\SE__Lab14\Error.cpp(18,3): warning C4566: символ, представленный универсальным именем символа "\u00F1", невозможно представить в текущей кодовой странице (1251)
     1>D:\KPO_2_sem\lab14\SE__Lab14\Error.cpp(18,3): warning C4566: символ, представленный универсальным именем символа "\u00F2", невозможно представить в текущей кодовой странице (1251)
     1>D:\KPO_2_sem\lab14\SE__Lab14\Error.cpp(18,3): warning C4566: символ, представленный универсальным именем символа "\u00E8", невозможно представить в текущей кодовой странице (1251)
     1>D:\KPO_2_sem\lab14\SE__Lab14\Error.cpp(18,3): warning C4566: символ, представленный универсальным именем символа "\u00EC", невозможно представить в текущей кодовой странице (1251)
     1>D:\KPO_2_sem\lab14\SE__Lab14\Error.cpp(18,3): warning C4566: символ, представленный универсальным именем символа "\u00FB", невозможно представить в текущей кодовой странице (1251)
     1>D:\KPO_2_sem\lab14\SE__Lab14\Error.cpp(18,3): warning C4566: символ, представленный универсальным именем символа "\u00E9", невозможно представить в текущей кодовой странице (1251)
     1>D:\KPO_2_sem\lab14\SE__Lab14\Error.cpp(18,3): warning C4566: символ, представленный универсальным именем символа "\u00E2", невозможно представить в текущей кодовой странице (1251)
     1>D:\KPO_2_sem\lab14\SE__Lab14\Error.cpp(18,3): warning C4566: символ, представленный универсальным именем символа "\u00EB", невозможно представить в текущей кодовой странице (1251)
     1>D:\KPO_2_sem\lab14\SE__Lab14\Error.cpp(18,3): warning C4566: символ, представленный универсальным именем символа "\u00F5", невозможно представить в текущей кодовой странице (1251)
     1>D:\KPO_2_sem\lab14\SE__Lab14\Error.cpp(18,3): warning C4566: символ, представленный универсальным именем символа "\u00ED", невозможно представить в текущей кодовой странице (1251)
     1>D:\KPO_2_sem\lab14\SE__Lab14\Error.cpp(18,3): warning C4566: символ, представленный универсальным именем символа "\u00F4", невозможно представить в текущей кодовой странице (1251)
     1>D:\KPO_2_sem\lab14\SE__Lab14\Error.cpp(18,3): warning C4566: символ, представленный универсальным именем символа "\u00E0", невозможно представить в текущей кодовой странице (1251)
     1>D:\KPO_2_sem\lab14\SE__Lab14\Error.cpp(19,3): warning C4566: символ, представленный универсальным именем символа "\u00CE", невозможно представить в текущей кодовой странице (1251)
     1>D:\KPO_2_sem\lab14\SE__Lab14\Error.cpp(19,3): warning C4566: символ, представленный универсальным именем символа "\u00F8", невозможно представить в текущей кодовой странице (1251)
     1>D:\KPO_2_sem\lab14\SE__Lab14\Error.cpp(19,3): warning C4566: символ, представленный универсальным именем символа "\u00E8", невозможно представить в текущей кодовой странице (1251)
     1>D:\KPO_2_sem\lab14\SE__Lab14\Error.cpp(19,3): warning C4566: символ, представленный универсальным именем символа "\u00E1", невозможно представить в текущей кодовой странице (1251)
     1>D:\KPO_2_sem\lab14\SE__Lab14\Error.cpp(19,3): warning C4566: символ, представленный универсальным именем символа "\u00EA", невозможно представить в текущей кодовой странице (1251)
     1>D:\KPO_2_sem\lab14\SE__Lab14\Error.cpp(19,3): warning C4566: символ, представленный универсальным именем символа "\u00E0", невозможно представить в текущей кодовой странице (1251)
     1>D:\KPO_2_sem\lab14\SE__Lab14\Error.cpp(19,3): warning C4566: символ, представленный универсальным именем символа "\u00EF", невозможно представить в текущей кодовой странице (1251)
     1>D:\KPO_2_sem\lab14\SE__Lab14\Error.cpp(19,3): warning C4566: символ, представленный универсальным именем символа "\u00F0", невозможно представить в текущей кодовой странице (1251)
     1>D:\KPO_2_sem\lab14\SE__Lab14\Error.cpp(19,3): warning C4566: символ, представленный универсальным именем символа "\u00F1", невозможно представить в текущей кодовой странице (1251)
     1>D:\KPO_2_sem\lab14\SE__Lab14\Error.cpp(19,3): warning C4566: символ, представленный универсальным именем символа "\u00EE", невозможно представить в текущей кодовой странице (1251)
     1>D:\KPO_2_sem\lab14\SE__Lab14\Error.cpp(19,3): warning C4566: символ, представленный универсальным именем символа "\u00E7", невозможно представить в текущей кодовой странице (1251)
     1>D:\KPO_2_sem\lab14\SE__Lab14\Error.cpp(19,3): warning C4566: символ, представленный универсальным именем символа "\u00E4", невозможно представить в текущей кодовой странице (1251)
     1>D:\KPO_2_sem\lab14\SE__Lab14\Error.cpp(19,3): warning C4566: символ, представленный универсальным именем символа "\u00ED", невозможно представить в текущей кодовой странице (1251)
     1>D:\KPO_2_sem\lab14\SE__Lab14\Error.cpp(19,3): warning C4566: символ, представленный универсальным именем символа "\u00F4", невозможно представить в текущей кодовой странице (1251)
     1>D:\KPO_2_sem\lab14\SE__Lab14\Error.cpp(19,3): warning C4566: символ, представленный универсальным именем символа "\u00E9", невозможно представить в текущей кодовой странице (1251)
     1>D:\KPO_2_sem\lab14\SE__Lab14\Error.cpp(19,3): warning C4566: символ, представленный универсальным именем символа "\u00EB", невозможно представить в текущей кодовой странице (1251)
     1>D:\KPO_2_sem\lab14\SE__Lab14\Error.cpp(19,3): warning C4566: символ, представленный универсальным именем символа "\u00F2", невозможно представить в текущей кодовой странице (1251)
         In.cpp
         Log.cpp
         Parm.cpp
         SE__Lab14.cpp
         Создание кода...
       Link:
         C:\Program Files\Microsoft Visual Studio\2022\Community\VC\Tools\MSVC\14.37.32822\bin\HostX64\x64\link.exe /ERRORREPORT:PROMPT /OUT:"D:\KPO_2_sem\lab14\SE__Lab14\x64\Debug\SE__Lab14.exe" /INCREMENTAL /ILK:"x64\Debug\SE__Lab14.ilk" /NOLOGO kernel32.lib user32.lib gdi32.lib winspool.lib comdlg32.lib advapi32.lib shell32.lib ole32.lib oleaut32.lib uuid.lib odbc32.lib odbccp32.lib /MANIFEST /MANIFESTUAC:"level='asInvoker' uiAccess='false'" /manifest:embed /DEBUG /PDB:"D:\KPO_2_sem\lab14\SE__Lab14\x64\Debug\SE__Lab14.pdb" /SUBSYSTEM:CONSOLE /TLBID:1 /DYNAMICBASE /NXCOMPAT /IMPLIB:"D:\KPO_2_sem\lab14\SE__Lab14\x64\Debug\SE__Lab14.lib" /MACHINE:X64 x64\Debug\Error.obj
         x64\Debug\In.obj
         x64\Debug\Log.obj
         x64\Debug\Parm.obj
         x64\Debug\SE__Lab14.obj
         SE__Lab14.vcxproj -> D:\KPO_2_sem\lab14\SE__Lab14\x64\Debug\SE__Lab14.exe
       FinalizeBuildStatus:
         Файл "x64\Debug\SE__Lab14.tlog\unsuccessfulbuild" удаляется.
         Обращение к "x64\Debug\SE__Lab14.tlog\SE__Lab14.lastbuildstate".
     1>Сборка проекта "D:\KPO_2_sem\lab14\SE__Lab14\SE__Lab14.vcxproj" завершена (целевые объекты Build).

Сборка успешно завершена.

       "D:\KPO_2_sem\lab14\SE__Lab14\SE__Lab14.vcxproj" (целевой объект Build ) (1) ->
       (Целевой объект ClCompile) -> 
         D:\KPO_2_sem\lab14\SE__Lab14\Error.cpp(6,3): warning C4566: символ, представленный универсальным именем символа "\u00CD", невозможно представить в текущей кодовой странице (1251)
         D:\KPO_2_sem\lab14\SE__Lab14\Error.cpp(6,3): warning C4566: символ, представленный универсальным именем символа "\u00E5", невозможно представить в текущей кодовой странице (1251)
         D:\KPO_2_sem\lab14\SE__Lab14\Error.cpp(6,3): warning C4566: символ, представленный универсальным именем символа "\u00E4", невозможно представить в текущей кодовой странице (1251)
         D:\KPO_2_sem\lab14\SE__Lab14\Error.cpp(6,3): warning C4566: символ, представленный универсальным именем символа "\u00EE", невозможно представить в текущей кодовой странице (1251)
         D:\KPO_2_sem\lab14\SE__Lab14\Error.cpp(6,3): warning C4566: символ, представленный универсальным именем символа "\u00EF", невозможно представить в текущей кодовой странице (1251)
         D:\KPO_2_sem\lab14\SE__Lab14\Error.cpp(6,3): warning C4566: символ, представленный универсальным именем символа "\u00F3", невозможно представить в текущей кодовой странице (1251)
         D:\KPO_2_sem\lab14\SE__Lab14\Error.cpp(6,3): warning C4566: символ, представленный универсальным именем символа "\u00F1", невозможно представить в текущей кодовой странице (1251)
         D:\KPO_2_sem\lab14\SE__Lab14\Error.cpp(6,3): warning C4566: символ, представленный универсальным именем символа "\u00F2", невозможно представить в текущей кодовой странице (1251)
         D:\KPO_2_sem\lab14\SE__Lab14\Error.cpp(6,3): warning C4566: символ, представленный универсальным именем символа "\u00E8", невозможно представить в текущей кодовой странице (1251)
         D:\KPO_2_sem\lab14\SE__Lab14\Error.cpp(6,3): warning C4566: символ, представленный универсальным именем символа "\u00EC", невозможно представить в текущей кодовой странице (1251)
         D:\KPO_2_sem\lab14\SE__Lab14\Error.cpp(6,3): warning C4566: символ, представленный универсальным именем символа "\u00FB", невозможно представить в текущей кодовой странице (1251)
         D:\KPO_2_sem\lab14\SE__Lab14\Error.cpp(6,3): warning C4566: символ, представленный универсальным именем символа "\u00E9", невозможно представить в текущей кодовой странице (1251)
         D:\KPO_2_sem\lab14\SE__Lab14\Error.cpp(6,3): warning C4566: символ, представленный универсальным именем символа "\u00EA", невозможно представить в текущей кодовой странице (1251)
         D:\KPO_2_sem\lab14\SE__Lab14\Error.cpp(6,3): warning C4566: символ, представленный универсальным именем символа "\u00F8", невозможно представить в текущей кодовой странице (1251)
         D:\KPO_2_sem\lab14\SE__Lab14\Error.cpp(6,3): warning C4566: символ, представленный универсальным именем символа "\u00E1", невозможно представить в текущей кодовой странице (1251)
         D:\KPO_2_sem\lab14\SE__Lab14\Error.cpp(7,3): warning C4566: символ, представленный универсальным именем символа "\u00D1", невозможно представить в текущей кодовой странице (1251)
         D:\KPO_2_sem\lab14\SE__Lab14\Error.cpp(7,3): warning C4566: символ, представленный универсальным именем символа "\u00E8", невозможно представить в текущей кодовой странице (1251)
         D:\KPO_2_sem\lab14\SE__Lab14\Error.cpp(7,3): warning C4566: символ, представленный универсальным именем символа "\u00F1", невозможно представить в текущей кодовой странице (1251)
         D:\KPO_2_sem\lab14\SE__Lab14\Error.cpp(7,3): warning C4566: символ, представленный универсальным именем символа "\u00F2", невозможно представить в текущей кодовой странице (1251)
         D:\KPO_2_sem\lab14\SE__Lab14\Error.cpp(7,3): warning C4566: символ, представленный универсальным именем символа "\u00E5", невозможно представить в текущей кодовой странице (1251)
         D:\KPO_2_sem\lab14\SE__Lab14\Error.cpp(7,3): warning C4566: символ, представленный универсальным именем символа "\u00EC", невозможно представить в текущей кодовой странице (1251)
         D:\KPO_2_sem\lab14\SE__Lab14\Error.cpp(7,3): warning C4566: символ, представленный универсальным именем символа "\u00ED", невозможно представить в текущей кодовой странице (1251)
         D:\KPO_2_sem\lab14\SE__Lab14\Error.cpp(7,3): warning C4566: символ, представленный универсальным именем символа "\u00FB", невозможно представить в текущей кодовой странице (1251)
         D:\KPO_2_sem\lab14\SE__Lab14\Error.cpp(7,3): warning C4566: символ, представленный универсальным именем символа "\u00E9", невозможно представить в текущей кодовой странице (1251)
         D:\KPO_2_sem\lab14\SE__Lab14\Error.cpp(7,3): warning C4566: символ, представленный универсальным именем символа "\u00E1", невозможно представить в текущей кодовой странице (1251)
         D:\KPO_2_sem\lab14\SE__Lab14\Error.cpp(7,3): warning C4566: символ, представленный универсальным именем символа "\u00EE", невозможно представить в текущей кодовой странице (1251)
         D:\KPO_2_sem\lab14\SE__Lab14\Error.cpp(12,3): warning C4566: символ, представленный универсальным именем символа "\u00CF", невозможно представить в текущей кодовой странице (1251)
         D:\KPO_2_sem\lab14\SE__Lab14\Error.cpp(12,3): warning C4566: символ, представленный универсальным именем символа "\u00E0", невозможно представить в текущей кодовой странице (1251)
         D:\KPO_2_sem\lab14\SE__Lab14\Error.cpp(12,3): warning C4566: символ, представленный универсальным именем символа "\u00F0", невозможно представить в текущей кодовой странице (1251)
         D:\KPO_2_sem\lab14\SE__Lab14\Error.cpp(12,3): warning C4566: символ, представленный универсальным именем символа "\u00EC", невозможно представить в текущей кодовой странице (1251)
         D:\KPO_2_sem\lab14\SE__Lab14\Error.cpp(12,3): warning C4566: символ, представленный универсальным именем символа "\u00E5", невозможно представить в текущей кодовой странице (1251)
         D:\KPO_2_sem\lab14\SE__Lab14\Error.cpp(12,3): warning C4566: символ, представленный универсальным именем символа "\u00F2", невозможно представить в текущей кодовой странице (1251)
         D:\KPO_2_sem\lab14\SE__Lab14\Error.cpp(12,3): warning C4566: символ, представленный универсальным именем символа "\u00E4", невозможно представить в текущей кодовой странице (1251)
         D:\KPO_2_sem\lab14\SE__Lab14\Error.cpp(12,3): warning C4566: символ, представленный универсальным именем символа "\u00EE", невозможно представить в текущей кодовой странице (1251)
         D:\KPO_2_sem\lab14\SE__Lab14\Error.cpp(12,3): warning C4566: символ, представленный универсальным именем символа "\u00EB", невозможно представить в текущей кодовой странице (1251)
         D:\KPO_2_sem\lab14\SE__Lab14\Error.cpp(12,3): warning C4566: символ, представленный универсальным именем символа "\u00E6", невозможно представить в текущей кодовой странице (1251)
         D:\KPO_2_sem\lab14\SE__Lab14\Error.cpp(12,3): warning C4566: символ, представленный универсальным именем символа "\u00ED", невозможно представить в текущей кодовой странице (1251)
         D:\KPO_2_sem\lab14\SE__Lab14\Error.cpp(12,3): warning C4566: символ, представленный универсальным именем символа "\u00E1", невозможно представить в текущей кодовой странице (1251)
         D:\KPO_2_sem\lab14\SE__Lab14\Error.cpp(12,3): warning C4566: символ, представленный универсальным именем символа "\u00FB", невозможно представить в текущей кодовой странице (1251)
         D:\KPO_2_sem\lab14\SE__Lab14\Error.cpp(12,3): warning C4566: символ, представленный универсальным именем символа "\u00FC", невозможно представить в текущей кодовой странице (1251)
         D:\KPO_2_sem\lab14\SE__Lab14\Error.cpp(12,3): warning C4566: символ, представленный универсальным именем символа "\u00E7", невозможно представить в текущей кодовой странице (1251)
         D:\KPO_2_sem\lab14\SE__Lab14\Error.cpp(14,3): warning C4566: символ, представленный универсальным именем символа "\u00CF", невозможно представить в текущей кодовой странице (1251)
         D:\KPO_2_sem\lab14\SE__Lab14\Error.cpp(14,3): warning C4566: символ, представленный универсальным именем символа "\u00F0", невозможно представить в текущей кодовой странице (1251)
         D:\KPO_2_sem\lab14\SE__Lab14\Error.cpp(14,3): warning C4566: символ, представленный универсальным именем символа "\u00E5", невозможно представить в текущей кодовой странице (1251)
         D:\KPO_2_sem\lab14\SE__Lab14\Error.cpp(14,3): warning C4566: символ, представленный универсальным именем символа "\u00E2", невозможно представить в текущей кодовой странице (1251)
         D:\KPO_2_sem\lab14\SE__Lab14\Error.cpp(14,3): warning C4566: символ, представленный универсальным именем символа "\u00FB", невозможно представить в текущей кодовой странице (1251)
         D:\KPO_2_sem\lab14\SE__Lab14\Error.cpp(14,3): warning C4566: символ, представленный универсальным именем символа "\u00F8", невозможно представить в текущей кодовой странице (1251)
         D:\KPO_2_sem\lab14\SE__Lab14\Error.cpp(14,3): warning C4566: символ, представленный универсальным именем символа "\u00ED", невозможно представить в текущей кодовой странице (1251)
         D:\KPO_2_sem\lab14\SE__Lab14\Error.cpp(14,3): warning C4566: символ, представленный универсальным именем символа "\u00E0", невозможно представить в текущей кодовой странице (1251)
         D:\KPO_2_sem\lab14\SE__Lab14\Error.cpp(14,3): warning C4566: символ, представленный универсальным именем символа "\u00E4", невозможно представить в текущей кодовой странице (1251)
         D:\KPO_2_sem\lab14\SE__Lab14\Error.cpp(14,3): warning C4566: символ, представленный универсальным именем символа "\u00EB", невозможно представить в текущей кодовой странице (1251)
         D:\KPO_2_sem\lab14\SE__Lab14\Error.cpp(14,3): warning C4566: символ, представленный универсальным именем символа "\u00E8", невозможно представить в текущей кодовой странице (1251)
         D:\KPO_2_sem\lab14\SE__Lab14\Error.cpp(14,3): warning C4566: символ, представленный универсальным именем символа "\u00F5", невозможно представить в текущей кодовой странице (1251)
         D:\KPO_2_sem\lab14\SE__Lab14\Error.cpp(14,3): warning C4566: символ, представленный универсальным именем символа "\u00EE", невозможно представить в текущей кодовой странице (1251)
         D:\KPO_2_sem\lab14\SE__Lab14\Error.cpp(14,3): warning C4566: символ, представленный универсальным именем символа "\u00E3", невозможно представить в текущей кодовой странице (1251)
         D:\KPO_2_sem\lab14\SE__Lab14\Error.cpp(14,3): warning C4566: символ, представленный универсальным именем символа "\u00EF", невозможно представить в текущей кодовой странице (1251)
         D:\KPO_2_sem\lab14\SE__Lab14\Error.cpp(14,3): warning C4566: символ, представленный универсальным именем символа "\u00EC", невозможно представить в текущей кодовой странице (1251)
         D:\KPO_2_sem\lab14\SE__Lab14\Error.cpp(14,3): warning C4566: символ, представленный универсальным именем символа "\u00F2", невозможно представить в текущей кодовой странице (1251)
         D:\KPO_2_sem\lab14\SE__Lab14\Error.cpp(17,3): warning C4566: символ, представленный универсальным именем символа "\u00CE", невозможно представить в текущей кодовой странице (1251)
         D:\KPO_2_sem\lab14\SE__Lab14\Error.cpp(17,3): warning C4566: символ, представленный универсальным именем символа "\u00F8", невозможно представить в текущей кодовой странице (1251)
         D:\KPO_2_sem\lab14\SE__Lab14\Error.cpp(17,3): warning C4566: символ, представленный универсальным именем символа "\u00E8", невозможно представить в текущей кодовой странице (1251)
         D:\KPO_2_sem\lab14\SE__Lab14\Error.cpp(17,3): warning C4566: символ, представленный универсальным именем символа "\u00E1", невозможно представить в текущей кодовой странице (1251)
         D:\KPO_2_sem\lab14\SE__Lab14\Error.cpp(17,3): warning C4566: символ, представленный универсальным именем символа "\u00EA", невозможно представить в текущей кодовой странице (1251)
         D:\KPO_2_sem\lab14\SE__Lab14\Error.cpp(17,3): warning C4566: символ, представленный универсальным именем символа "\u00E0", невозможно представить в текущей кодовой странице (1251)
         D:\KPO_2_sem\lab14\SE__Lab14\Error.cpp(17,3): warning C4566: символ, представленный универсальным именем символа "\u00EF", невозможно представить в текущей кодовой странице (1251)
         D:\KPO_2_sem\lab14\SE__Lab14\Error.cpp(17,3): warning C4566: символ, представленный универсальным именем символа "\u00F0", невозможно представить в текущей кодовой странице (1251)
         D:\KPO_2_sem\lab14\SE__Lab14\Error.cpp(17,3): warning C4566: символ, представленный универсальным именем символа "\u00EE", невозможно представить в текущей кодовой странице (1251)
         D:\KPO_2_sem\lab14\SE__Lab14\Error.cpp(17,3): warning C4566: символ, представленный универсальным именем символа "\u00F2", невозможно представить в текущей кодовой странице (1251)
         D:\KPO_2_sem\lab14\SE__Lab14\Error.cpp(17,3): warning C4566: символ, представленный универсальным именем символа "\u00FB", невозможно представить в текущей кодовой странице (1251)
         D:\KPO_2_sem\lab14\SE__Lab14\Error.cpp(17,3): warning C4566: символ, представленный универсальным именем символа "\u00F4", невозможно представить в текущей кодовой странице (1251)
         D:\KPO_2_sem\lab14\SE__Lab14\Error.cpp(17,3): warning C4566: символ, представленный универсальным именем символа "\u00E9", невозможно представить в текущей кодовой странице (1251)
         D:\KPO_2_sem\lab14\SE__Lab14\Error.cpp(17,3): warning C4566: символ, представленный универсальным именем символа "\u00EB", невозможно представить в текущей кодовой странице (1251)
         D:\KPO_2_sem\lab14\SE__Lab14\Error.cpp(17,3): warning C4566: символ, представленный универсальным именем символа "\u00F1", невозможно представить в текущей кодовой странице (1251)
         D:\KPO_2_sem\lab14\SE__Lab14\Error.cpp(17,3): warning C4566: символ, представленный универсальным именем символа "\u00F5", невозможно представить в текущей кодовой странице (1251)
         D:\KPO_2_sem\lab14\SE__Lab14\Error.cpp(17,3): warning C4566: символ, представленный универсальным именем символа "\u00E4", невозможно представить в текущей кодовой странице (1251)
         D:\KPO_2_sem\lab14\SE__Lab14\Error.cpp(17,3): warning C4566: символ, представленный универсальным именем символа "\u00ED", невозможно представить в текущей кодовой странице (1251)
         D:\KPO_2_sem\lab14\SE__Lab14\Error.cpp(17,3): warning C4566: символ, представленный универсальным именем символа "\u00EC", невозможно представить в текущей кодовой странице (1251)
         D:\KPO_2_sem\lab14\SE__Lab14\Error.cpp(18,3): warning C4566: символ, представленный универсальным именем символа "\u00CD", невозможно представить в текущей кодовой странице (1251)
         D:\KPO_2_sem\lab14\SE__Lab14\Error.cpp(18,3): warning C4566: символ, представленный универсальным именем символа "\u00E5", невозможно представить в текущей кодовой странице (1251)
         D:\KPO_2_sem\lab14\SE__Lab14\Error.cpp(18,3): warning C4566: символ, представленный универсальным именем символа "\u00E4", невозможно представить в текущей кодовой странице (1251)
         D:\KPO_2_sem\lab14\SE__Lab14\Error.cpp(18,3): warning C4566: символ, представленный универсальным именем символа "\u00EE", невозможно представить в текущей кодовой странице (1251)
         D:\KPO_2_sem\lab14\SE__Lab14\Error.cpp(18,3): warning C4566: символ, представленный универсальным именем символа "\u00EF", невозможно представить в текущей кодовой странице (1251)
         D:\KPO_2_sem\lab14\SE__Lab14\Error.cpp(18,3): warning C4566: символ, представленный универсальным именем символа "\u00F3", невозможно представить в текущей кодовой странице (1251)
         D:\KPO_2_sem\lab14\SE__Lab14\Error.cpp(18,3): warning C4566: символ, представленный универсальным именем символа "\u00F1", невозможно представить в текущей кодовой странице (1251)
         D:\KPO_2_sem\lab14\SE__Lab14\Error.cpp(18,3): warning C4566: символ, представленный универсальным именем символа "\u00F2", невозможно представить в текущей кодовой странице (1251)
         D:\KPO_2_sem\lab14\SE__Lab14\Error.cpp(18,3): warning C4566: символ, представленный универсальным именем символа "\u00E8", невозможно представить в текущей кодовой странице (1251)
         D:\KPO_2_sem\lab14\SE__Lab14\Error.cpp(18,3): warning C4566: символ, представленный универсальным именем символа "\u00EC", невозможно представить в текущей кодовой странице (1251)
         D:\KPO_2_sem\lab14\SE__Lab14\Error.cpp(18,3): warning C4566: символ, представленный универсальным именем символа "\u00FB", невозможно представить в текущей кодовой странице (1251)
         D:\KPO_2_sem\lab14\SE__Lab14\Error.cpp(18,3): warning C4566: символ, представленный универсальным именем символа "\u00E9", невозможно представить в текущей кодовой странице (1251)
         D:\KPO_2_sem\lab14\SE__Lab14\Error.cpp(18,3): warning C4566: символ, представленный универсальным именем символа "\u00E2", невозможно представить в текущей кодовой странице (1251)
         D:\KPO_2_sem\lab14\SE__Lab14\Error.cpp(18,3): warning C4566: символ, представленный универсальным именем символа "\u00EB", невозможно представить в текущей кодовой странице (1251)
         D:\KPO_2_sem\lab14\SE__Lab14\Error.cpp(18,3): warning C4566: символ, представленный универсальным именем символа "\u00F5", невозможно представить в текущей кодовой странице (1251)
         D:\KPO_2_sem\lab14\SE__Lab14\Error.cpp(18,3): warning C4566: символ, представленный универсальным именем символа "\u00ED", невозможно представить в текущей кодовой странице (1251)
         D:\KPO_2_sem\lab14\SE__Lab14\Error.cpp(18,3): warning C4566: символ, представленный универсальным именем символа "\u00F4", невозможно представить в текущей кодовой странице (1251)
         D:\KPO_2_sem\lab14\SE__Lab14\Error.cpp(18,3): warning C4566: символ, представленный универсальным именем символа "\u00E0", невозможно представить в текущей кодовой странице (1251)
         D:\KPO_2_sem\lab14\SE__Lab14\Error.cpp(19,3): warning C4566: символ, представленный универсальным именем символа "\u00CE", невозможно представить в текущей кодовой странице (1251)
         D:\KPO_2_sem\lab14\SE__Lab14\Error.cpp(19,3): warning C4566: символ, представленный универсальным именем символа "\u00F8", невозможно представить в текущей кодовой странице (1251)
         D:\KPO_2_sem\lab14\SE__Lab14\Error.cpp(19,3): warning C4566: символ, представленный универсальным именем символа "\u00E8", невозможно представить в текущей кодовой странице (1251)
         D:\KPO_2_sem\lab14\SE__Lab14\Error.cpp(19,3): warning C4566: символ, представленный универсальным именем символа "\u00E1", невозможно представить в текущей кодовой странице (1251)
         D:\KPO_2_sem\lab14\SE__Lab14\Error.cpp(19,3): warning C4566: символ, представленный универсальным именем символа "\u00EA", невозможно представить в текущей кодовой странице (1251)
         D:\KPO_2_sem\lab14\SE__Lab14\Error.cpp(19,3): warning C4566: символ, представленный универсальным именем символа "\u00E0", невозможно представить в текущей кодовой странице (1251)
         D:\KPO_2_sem\lab14\SE__Lab14\Error.cpp(19,3): warning C4566: символ, представленный универсальным именем символа "\u00EF", невозможно представить в текущей кодовой странице (1251)
         D:\KPO_2_sem\lab14\SE__Lab14\Error.cpp(19,3): warning C4566: символ, представленный универсальным именем символа "\u00F0", невозможно представить в текущей кодовой странице (1251)
         D:\KPO_2_sem\lab14\SE__Lab14\Error.cpp(19,3): warning C4566: символ, представленный универсальным именем символа "\u00F1", невозможно представить в текущей кодовой странице (1251)
         D:\KPO_2_sem\lab14\SE__Lab14\Error.cpp(19,3): warning C4566: символ, представленный универсальным именем символа "\u00EE", невозможно представить в текущей кодовой странице (1251)
         D:\KPO_2_sem\lab14\SE__Lab14\Error.cpp(19,3): warning C4566: символ, представленный универсальным именем символа "\u00E7", невозможно представить в текущей кодовой странице (1251)
         D:\KPO_2_sem\lab14\SE__Lab14\Error.cpp(19,3): warning C4566: символ, представленный универсальным именем символа "\u00E4", невозможно представить в текущей кодовой странице (1251)
         D:\KPO_2_sem\lab14\SE__Lab14\Error.cpp(19,3): warning C4566: символ, представленный универсальным именем символа "\u00ED", невозможно представить в текущей кодовой странице (1251)
         D:\KPO_2_sem\lab14\SE__Lab14\Error.cpp(19,3): warning C4566: символ, представленный универсальным именем символа "\u00F4", невозможно представить в текущей кодовой странице (1251)
         D:\KPO_2_sem\lab14\SE__Lab14\Error.cpp(19,3): warning C4566: символ, представленный универсальным именем символа "\u00E9", невозможно представить в текущей кодовой странице (1251)
         D:\KPO_2_sem\lab14\SE__Lab14\Error.cpp(19,3): warning C4566: символ, представленный универсальным именем символа "\u00EB", невозможно представить в текущей кодовой странице (1251)
         D:\KPO_2_sem\lab14\SE__Lab14\Error.cpp(19,3): warning C4566: символ, представленный универсальным именем символа "\u00F2", невозможно представить в текущей кодовой странице (1251)

    Предупреждений: 112
    Ошибок: 0

Прошло времени 00:00:05.22
